<?xml version="1.0" encoding="UTF-8"?>
<robot generator="Robot 6.0.1 (Python 3.11.0 on win32)" generated="20230323 19:43:09.881" rpa="false" schemaversion="3">
<suite id="s1" name="Amazon Test" source="c:\CursoUdemy\RobotFramework\WebTesting\amazon_test.robot">
<test id="s1-t1" name="Caso de Teste 04 - Remover Produto do Carrinho" line="39">
<kw name="Abrir o navegador" library="amazon_resources" type="SETUP">
<kw name="Open Browser" library="SeleniumLibrary">
<arg>browser=chrome</arg>
<doc>Opens a new browser instance to the optional ``url``.</doc>
<msg timestamp="20230323 19:43:10.295" level="INFO">Opening browser 'chrome' to base url 'None'.</msg>
<status status="PASS" starttime="20230323 19:43:10.294" endtime="20230323 19:43:11.840"/>
</kw>
<kw name="Maximize Browser Window" library="SeleniumLibrary">
<doc>Maximizes current browser window.</doc>
<status status="PASS" starttime="20230323 19:43:11.841" endtime="20230323 19:43:11.974"/>
</kw>
<status status="PASS" starttime="20230323 19:43:10.293" endtime="20230323 19:43:11.975"/>
</kw>
<kw name="Acessar a home page do site Amazon.com.br" library="amazon_resources">
<kw name="Go To" library="SeleniumLibrary">
<arg>${URL}</arg>
<doc>Navigates the current browser window to the provided ``url``.</doc>
<msg timestamp="20230323 19:43:11.982" level="INFO">Opening url 'http://www.amazon.com.br'</msg>
<status status="PASS" starttime="20230323 19:43:11.981" endtime="20230323 19:43:14.911"/>
</kw>
<kw name="Sleep" library="BuiltIn">
<arg>3s</arg>
<doc>Pauses the test executed for the given time.</doc>
<msg timestamp="20230323 19:43:17.912" level="INFO">Slept 3 seconds</msg>
<status status="PASS" starttime="20230323 19:43:14.911" endtime="20230323 19:43:17.912"/>
</kw>
<kw name="Wait Until Element Is Visible" library="SeleniumLibrary">
<arg>locator=${MENU_ELETRONICOS}</arg>
<doc>Waits until the element ``locator`` is visible.</doc>
<status status="PASS" starttime="20230323 19:43:17.912" endtime="20230323 19:43:17.974"/>
</kw>
<status status="PASS" starttime="20230323 19:43:11.980" endtime="20230323 19:43:17.975"/>
</kw>
<kw name=" Digitar o nome de produto &quot;Xbox Series S&quot; no campo de pesquisa" library="amazon_resources">
<kw name="Input Text" library="SeleniumLibrary">
<arg>locator=twotabsearchtextbox</arg>
<arg>text=Xbox Series S</arg>
<doc>Types the given ``text`` into the text field identified by ``locator``.</doc>
<msg timestamp="20230323 19:43:17.978" level="INFO">Typing text 'Xbox Series S' into text field 'twotabsearchtextbox'.</msg>
<status status="PASS" starttime="20230323 19:43:17.977" endtime="20230323 19:43:18.299"/>
</kw>
<kw name="Sleep" library="BuiltIn">
<arg>3s</arg>
<doc>Pauses the test executed for the given time.</doc>
<msg timestamp="20230323 19:43:21.301" level="INFO">Slept 3 seconds</msg>
<status status="PASS" starttime="20230323 19:43:18.300" endtime="20230323 19:43:21.301"/>
</kw>
<status status="PASS" starttime="20230323 19:43:17.976" endtime="20230323 19:43:21.301"/>
</kw>
<kw name="Clicar no botão de pesquisa" library="amazon_resources">
<kw name="Click Element" library="SeleniumLibrary">
<arg>locator=nav-search-submit-button</arg>
<doc>Click the element identified by ``locator``.</doc>
<msg timestamp="20230323 19:43:21.306" level="INFO">Clicking element 'nav-search-submit-button'.</msg>
<status status="PASS" starttime="20230323 19:43:21.304" endtime="20230323 19:43:23.906"/>
</kw>
<kw name="Sleep" library="BuiltIn">
<arg>3s</arg>
<doc>Pauses the test executed for the given time.</doc>
<msg timestamp="20230323 19:43:26.907" level="INFO">Slept 3 seconds</msg>
<status status="PASS" starttime="20230323 19:43:23.906" endtime="20230323 19:43:26.907"/>
</kw>
<status status="PASS" starttime="20230323 19:43:21.303" endtime="20230323 19:43:26.907"/>
</kw>
<kw name="Verificar o resultado da pesquisa,listando o produto &quot;Console Xbox Series S&quot;" library="amazon_resources" sourcename="Verificar o resultado da pesquisa,listando o produto &quot;${PRODUTO}&quot;">
<kw name="Wait Until Element Is Visible" library="SeleniumLibrary">
<arg>locator=(//span[contains(.,'${PRODUTO}')])[2]</arg>
<doc>Waits until the element ``locator`` is visible.</doc>
<status status="PASS" starttime="20230323 19:43:26.909" endtime="20230323 19:43:26.946"/>
</kw>
<kw name="Sleep" library="BuiltIn">
<arg>3s</arg>
<doc>Pauses the test executed for the given time.</doc>
<msg timestamp="20230323 19:43:29.947" level="INFO">Slept 3 seconds</msg>
<status status="PASS" starttime="20230323 19:43:26.946" endtime="20230323 19:43:29.947"/>
</kw>
<status status="PASS" starttime="20230323 19:43:26.908" endtime="20230323 19:43:29.947"/>
</kw>
<kw name="Adicionar o produto &quot;Console Xbox Series S&quot; no carrinho" library="amazon_resources" sourcename="Adicionar o produto &quot;${PRODUTO}&quot; no carrinho">
<kw name="Click Element" library="SeleniumLibrary">
<arg>xpath=//span[@class='a-size-base-plus a-color-base a-text-normal'][contains(.,'${PRODUTO}')]</arg>
<doc>Click the element identified by ``locator``.</doc>
<msg timestamp="20230323 19:43:29.950" level="INFO">Clicking element 'xpath=//span[@class='a-size-base-plus a-color-base a-text-normal'][contains(.,'Console Xbox Series S')]'.</msg>
<status status="PASS" starttime="20230323 19:43:29.949" endtime="20230323 19:43:34.367"/>
</kw>
<kw name="Wait Until Element Is Visible" library="SeleniumLibrary">
<arg>locator=${BTN_ADD_CARRINHO}</arg>
<doc>Waits until the element ``locator`` is visible.</doc>
<status status="PASS" starttime="20230323 19:43:34.368" endtime="20230323 19:43:34.483"/>
</kw>
<kw name="Click Button" library="SeleniumLibrary">
<arg>locator=${BTN_ADD_CARRINHO}</arg>
<doc>Clicks the button identified by ``locator``.</doc>
<msg timestamp="20230323 19:43:34.485" level="INFO">Clicking button 'add-to-cart-button'.</msg>
<status status="PASS" starttime="20230323 19:43:34.483" endtime="20230323 19:43:36.693"/>
</kw>
<kw name="Sleep" library="BuiltIn">
<arg>3s</arg>
<doc>Pauses the test executed for the given time.</doc>
<msg timestamp="20230323 19:43:39.694" level="INFO">Slept 3 seconds</msg>
<status status="PASS" starttime="20230323 19:43:36.694" endtime="20230323 19:43:39.694"/>
</kw>
<status status="PASS" starttime="20230323 19:43:29.948" endtime="20230323 19:43:39.694"/>
</kw>
<kw name="Verificar se o produto &quot;Console Xbox Series S&quot; foi adicionado" library="amazon_resources" sourcename="Verificar se o produto &quot;${PRODUTO}&quot; foi adicionado">
<kw name="Wait Until Element Is Visible" library="SeleniumLibrary">
<arg>locator=${ADICIONADO_NO_CARRINHO}</arg>
<doc>Waits until the element ``locator`` is visible.</doc>
<status status="PASS" starttime="20230323 19:43:39.696" endtime="20230323 19:43:39.729"/>
</kw>
<kw name="Click Link" library="SeleniumLibrary">
<arg>locator=${CARRINHO}</arg>
<doc>Clicks a link identified by ``locator``.</doc>
<msg timestamp="20230323 19:43:39.730" level="INFO">Clicking link 'nav-cart'.</msg>
<status status="PASS" starttime="20230323 19:43:39.729" endtime="20230323 19:43:41.774"/>
</kw>
<kw name="Wait Until Element Is Visible" library="SeleniumLibrary">
<arg>locator=//span[@class='a-truncate-cut'][contains(.,'${PRODUTO}')]</arg>
<doc>Waits until the element ``locator`` is visible.</doc>
<status status="PASS" starttime="20230323 19:43:41.774" endtime="20230323 19:43:41.880"/>
</kw>
<status status="PASS" starttime="20230323 19:43:39.695" endtime="20230323 19:43:41.880"/>
</kw>
<kw name="Remover o produto &quot;Console Xbox Series S&quot; do carrinho" library="amazon_resources">
<kw name="Click Link" library="SeleniumLibrary">
<arg>locator=${CARRINHO}</arg>
<doc>Clicks a link identified by ``locator``.</doc>
<msg timestamp="20230323 19:43:41.884" level="INFO">Clicking link 'nav-cart'.</msg>
<status status="PASS" starttime="20230323 19:43:41.882" endtime="20230323 19:43:43.710"/>
</kw>
<kw name="Click Element" library="SeleniumLibrary">
<arg>locator=${EXCLUIR}</arg>
<doc>Click the element identified by ``locator``.</doc>
<msg timestamp="20230323 19:43:43.712" level="INFO">Clicking element '//input[contains(@value,'Excluir')]'.</msg>
<status status="PASS" starttime="20230323 19:43:43.710" endtime="20230323 19:43:43.938"/>
</kw>
<kw name="Sleep" library="BuiltIn">
<arg>3s</arg>
<doc>Pauses the test executed for the given time.</doc>
<msg timestamp="20230323 19:43:46.942" level="INFO">Slept 3 seconds</msg>
<status status="PASS" starttime="20230323 19:43:43.941" endtime="20230323 19:43:46.942"/>
</kw>
<status status="PASS" starttime="20230323 19:43:41.881" endtime="20230323 19:43:46.942"/>
</kw>
<kw name="Verificar se o carrinho fica vazio" library="amazon_resources">
<kw name="Wait Until Element Is Visible" library="SeleniumLibrary">
<arg>locator=${REMOVIDO_DO_CARRINHO}</arg>
<doc>Waits until the element ``locator`` is visible.</doc>
<status status="PASS" starttime="20230323 19:43:46.944" endtime="20230323 19:43:46.979"/>
</kw>
<kw name="Sleep" library="BuiltIn">
<arg>3s</arg>
<doc>Pauses the test executed for the given time.</doc>
<msg timestamp="20230323 19:43:49.980" level="INFO">Slept 3 seconds</msg>
<status status="PASS" starttime="20230323 19:43:46.979" endtime="20230323 19:43:49.980"/>
</kw>
<status status="PASS" starttime="20230323 19:43:46.943" endtime="20230323 19:43:49.980"/>
</kw>
<kw name="Fechar o navegador" library="amazon_resources" type="TEARDOWN">
<kw name="Close Browser" library="SeleniumLibrary">
<doc>Closes the current browser.</doc>
<status status="PASS" starttime="20230323 19:43:49.982" endtime="20230323 19:43:52.322"/>
</kw>
<status status="PASS" starttime="20230323 19:43:49.981" endtime="20230323 19:43:52.322"/>
</kw>
<doc>Esse teste verifica a remoção de um produto no carrinho de compras</doc>
<tag>remover_carrinho</tag>
<status status="PASS" starttime="20230323 19:43:10.291" endtime="20230323 19:43:52.323"/>
</test>
<doc>essa suite testa o site da amazon.com.br</doc>
<status status="PASS" starttime="20230323 19:43:09.889" endtime="20230323 19:43:52.325"/>
</suite>
<statistics>
<total>
<stat pass="1" fail="0" skip="0">All Tests</stat>
</total>
<tag>
<stat pass="1" fail="0" skip="0">remover_carrinho</stat>
</tag>
<suite>
<stat pass="1" fail="0" skip="0" id="s1" name="Amazon Test">Amazon Test</stat>
</suite>
</statistics>
<errors>
</errors>
</robot>
