<?xml version="1.0" encoding="UTF-8"?>
<robot generator="Robot 6.0.1 (Python 3.11.0 on win32)" generated="20221113 16:53:21.937" rpa="false" schemaversion="3">
<suite id="s1" name="Amazon Test Gherkin Bdd" source="C:\CursoUdemy\RobotFramework\WebTesting\amazon_test gherkin_bdd.robot">
<test id="s1-t1" name="caso de test 02 - Pesquisa de um Produto" line="21">
<kw name="Abrir o navegador" library="amazon_resources" type="SETUP">
<kw name="Open Browser" library="SeleniumLibrary">
<arg>browser=chrome</arg>
<doc>Opens a new browser instance to the optional ``url``.</doc>
<msg timestamp="20221113 16:53:22.630" level="INFO">Opening browser 'chrome' to base url 'None'.</msg>
<status status="PASS" starttime="20221113 16:53:22.630" endtime="20221113 16:53:24.271"/>
</kw>
<kw name="Maximize Browser Window" library="SeleniumLibrary">
<doc>Maximizes current browser window.</doc>
<status status="PASS" starttime="20221113 16:53:24.271" endtime="20221113 16:53:24.403"/>
</kw>
<status status="PASS" starttime="20221113 16:53:22.629" endtime="20221113 16:53:24.404"/>
</kw>
<kw name="Dado que estou na home page da Amazon.com.br" library="amazon_resources">
<kw name="Acessar a home page do site Amazon.com.br" library="amazon_resources">
<kw name="Go To" library="SeleniumLibrary">
<arg>${URL}</arg>
<doc>Navigates the current browser window to the provided ``url``.</doc>
<msg timestamp="20221113 16:53:24.406" level="INFO">Opening url 'http://www.amazon.com.br'</msg>
<status status="PASS" starttime="20221113 16:53:24.406" endtime="20221113 16:53:27.011"/>
</kw>
<kw name="Sleep" library="BuiltIn">
<arg>3s</arg>
<doc>Pauses the test executed for the given time.</doc>
<msg timestamp="20221113 16:53:30.013" level="INFO">Slept 3 seconds</msg>
<status status="PASS" starttime="20221113 16:53:27.011" endtime="20221113 16:53:30.013"/>
</kw>
<kw name="Wait Until Element Is Visible" library="SeleniumLibrary">
<arg>locator=${MENU_ELETRONICOS}</arg>
<doc>Waits until the element ``locator`` is visible.</doc>
<status status="PASS" starttime="20221113 16:53:30.013" endtime="20221113 16:53:30.046"/>
</kw>
<status status="PASS" starttime="20221113 16:53:24.405" endtime="20221113 16:53:30.046"/>
</kw>
<status status="PASS" starttime="20221113 16:53:24.405" endtime="20221113 16:53:30.046"/>
</kw>
<kw name=" Quando pesquisar pelo produto &quot;Xbox Series S&quot;" library="amazon_resources">
<kw name=" Digitar o nome de produto &quot;Xbox Series S&quot; no campo de pesquisa" library="amazon_resources">
<kw name="Input Text" library="SeleniumLibrary">
<arg>locator=twotabsearchtextbox</arg>
<arg>text=Xbox Series S</arg>
<doc>Types the given ``text`` into the text field identified by ``locator``.</doc>
<msg timestamp="20221113 16:53:30.048" level="INFO">Typing text 'Xbox Series S' into text field 'twotabsearchtextbox'.</msg>
<status status="PASS" starttime="20221113 16:53:30.048" endtime="20221113 16:53:30.286"/>
</kw>
<kw name="Sleep" library="BuiltIn">
<arg>3s</arg>
<doc>Pauses the test executed for the given time.</doc>
<msg timestamp="20221113 16:53:33.287" level="INFO">Slept 3 seconds</msg>
<status status="PASS" starttime="20221113 16:53:30.286" endtime="20221113 16:53:33.287"/>
</kw>
<status status="PASS" starttime="20221113 16:53:30.047" endtime="20221113 16:53:33.287"/>
</kw>
<kw name="Clicar no botão de pesquisa" library="amazon_resources">
<kw name="Click Element" library="SeleniumLibrary">
<arg>locator=nav-search-submit-button</arg>
<doc>Click the element identified by ``locator``.</doc>
<msg timestamp="20221113 16:53:33.288" level="INFO">Clicking element 'nav-search-submit-button'.</msg>
<status status="PASS" starttime="20221113 16:53:33.287" endtime="20221113 16:53:33.431"/>
</kw>
<kw name="Sleep" library="BuiltIn">
<arg>3s</arg>
<doc>Pauses the test executed for the given time.</doc>
<msg timestamp="20221113 16:53:36.431" level="INFO">Slept 3 seconds</msg>
<status status="PASS" starttime="20221113 16:53:33.431" endtime="20221113 16:53:36.431"/>
</kw>
<status status="PASS" starttime="20221113 16:53:33.287" endtime="20221113 16:53:36.431"/>
</kw>
<status status="PASS" starttime="20221113 16:53:30.047" endtime="20221113 16:53:36.431"/>
</kw>
<kw name="E um produto da linha &quot;Xbox Series S&quot; deve ser mostrado na página" library="amazon_resources">
<kw name="Verificar o resultado da pesquisa,listando o produto &quot;Console Xbox Series S&quot;" library="amazon_resources">
<kw name="Wait Until Element Is Visible" library="SeleniumLibrary">
<arg>locator=(//span[contains(.,'Console Xbox Series S')])[2]</arg>
<doc>Waits until the element ``locator`` is visible.</doc>
<status status="PASS" starttime="20221113 16:53:36.433" endtime="20221113 16:53:36.469"/>
</kw>
<status status="PASS" starttime="20221113 16:53:36.432" endtime="20221113 16:53:36.469"/>
</kw>
<status status="PASS" starttime="20221113 16:53:36.432" endtime="20221113 16:53:36.469"/>
</kw>
<kw name="Fechar o navegador" library="amazon_resources" type="TEARDOWN">
<kw name="Close Browser" library="SeleniumLibrary">
<doc>Closes the current browser.</doc>
<status status="PASS" starttime="20221113 16:53:36.470" endtime="20221113 16:53:39.075"/>
</kw>
<status status="PASS" starttime="20221113 16:53:36.470" endtime="20221113 16:53:39.075"/>
</kw>
<doc>esse teste verifica a busca de um produto</doc>
<tag>busca_produtos</tag>
<tag>lista_busca</tag>
<status status="PASS" starttime="20221113 16:53:22.628" endtime="20221113 16:53:39.076"/>
</test>
<doc>essa suite testa o site da amazon.com.br</doc>
<status status="PASS" starttime="20221113 16:53:21.939" endtime="20221113 16:53:39.077"/>
</suite>
<statistics>
<total>
<stat pass="1" fail="0" skip="0">All Tests</stat>
</total>
<tag>
<stat pass="1" fail="0" skip="0">busca_produtos</stat>
<stat pass="1" fail="0" skip="0">lista_busca</stat>
</tag>
<suite>
<stat pass="1" fail="0" skip="0" id="s1" name="Amazon Test Gherkin Bdd">Amazon Test Gherkin Bdd</stat>
</suite>
</statistics>
<errors>
</errors>
</robot>
