<?xml version="1.0" encoding="UTF-8"?>
<robot generator="Robot 6.0.1 (Python 3.11.0 on win32)" generated="20230323 17:56:39.866" rpa="false" schemaversion="3">
<suite id="s1" name="Amazon Test" source="c:\CursoUdemy\RobotFramework\WebTesting\amazon_test.robot">
<test id="s1-t1" name="caso de teste 01 - Acesso ao menu &quot;Eletronicos&quot;" line="11">
<kw name="Abrir o navegador" library="amazon_resources" type="SETUP">
<kw name="Open Browser" library="SeleniumLibrary">
<arg>browser=chrome</arg>
<doc>Opens a new browser instance to the optional ``url``.</doc>
<msg timestamp="20230323 17:56:40.289" level="INFO">Opening browser 'chrome' to base url 'None'.</msg>
<msg timestamp="20230323 17:56:43.833" level="INFO">Cannot capture screenshot because no browser is open.</msg>
<msg timestamp="20230323 17:56:43.833" level="FAIL">SessionNotCreatedException: Message: session not created: This version of ChromeDriver only supports Chrome version 107
Current browser version is 111.0.5563.111 with binary path C:\Program Files\Google\Chrome\Application\chrome.exe
Stacktrace:
Backtrace:
	Ordinal0 [0x005B8CE3+2067683]
	Ordinal0 [0x0054CBC1+1625025]
	Ordinal0 [0x0044B7CD+571341]
	Ordinal0 [0x0046DFED+712685]
	Ordinal0 [0x00469286+692870]
	Ordinal0 [0x00466BF9+683001]
	Ordinal0 [0x0049DBF6+908278]
	Ordinal0 [0x0049D6CA+906954]
	Ordinal0 [0x00497156+880982]
	Ordinal0 [0x0046FF1D+720669]
	Ordinal0 [0x00470F5F+724831]
	GetHandleVerifier [0x0086F162+2771330]
	GetHandleVerifier [0x00861145+2713957]
	GetHandleVerifier [0x0064CC0A+533546]
	GetHandleVerifier [0x0064B970+528784]
	Ordinal0 [0x00554F4C+1658700]
	Ordinal0 [0x005598B8+1677496]
	Ordinal0 [0x005599A5+1677733]
	Ordinal0 [0x00564CC4+1723588]
	BaseThreadInitThunk [0x75DA00F9+25]
	RtlGetAppContainerNamedObjectPath [0x77447BBE+286]
	RtlGetAppContainerNamedObjectPath [0x77447B8E+238]
</msg>
<status status="FAIL" starttime="20230323 17:56:40.288" endtime="20230323 17:56:43.841"/>
</kw>
<kw name="Maximize Browser Window" library="SeleniumLibrary">
<doc>Maximizes current browser window.</doc>
<status status="NOT RUN" starttime="20230323 17:56:43.842" endtime="20230323 17:56:43.842"/>
</kw>
<status status="FAIL" starttime="20230323 17:56:40.288" endtime="20230323 17:56:43.842"/>
</kw>
<kw name="Fechar o navegador" library="amazon_resources" type="TEARDOWN">
<kw name="Close Browser" library="SeleniumLibrary">
<doc>Closes the current browser.</doc>
<status status="PASS" starttime="20230323 17:56:43.844" endtime="20230323 17:56:43.844"/>
</kw>
<status status="PASS" starttime="20230323 17:56:43.843" endtime="20230323 17:56:43.844"/>
</kw>
<doc>esse teste verifica o menu livros do site da amazon.com.br
e verifica a categoria livros em oferta</doc>
<tag>categorias</tag>
<tag>menus</tag>
<status status="FAIL" starttime="20230323 17:56:40.286" endtime="20230323 17:56:43.845">Setup failed:
SessionNotCreatedException: Message: session not created: This version of ChromeDriver only supports Chrome version 107
Current browser version is 111.0.5563.111 with binary path C:\Program Files\Google\Chrome\Application\chrome.exe
Stacktrace:
Backtrace:
	Ordinal0 [0x005B8CE3+2067683]
	Ordinal0 [0x0054CBC1+1625025]
	Ordinal0 [0x0044B7CD+571341]
	Ordinal0 [0x0046DFED+712685]
	Ordinal0 [0x00469286+692870]
	Ordinal0 [0x00466BF9+683001]
	Ordinal0 [0x0049DBF6+908278]
	Ordinal0 [0x0049D6CA+906954]
	Ordinal0 [0x00497156+880982]
	Ordinal0 [0x0046FF1D+720669]
	Ordinal0 [0x00470F5F+724831]
	GetHandleVerifier [0x0086F162+2771330]
	GetHandleVerifier [0x00861145+2713957]
	GetHandleVerifier [0x0064CC0A+533546]
	GetHandleVerifier [0x0064B970+528784]
	Ordinal0 [0x00554F4C+1658700]
	Ordinal0 [0x005598B8+1677496]
	Ordinal0 [0x005599A5+1677733]
	Ordinal0 [0x00564CC4+1723588]
	BaseThreadInitThunk [0x75DA00F9+25]
	RtlGetAppContainerNamedObjectPath [0x77447BBE+286]
	RtlGetAppContainerNamedObjectPath [0x77447B8E+238]
</status>
</test>
<doc>essa suite testa o site da amazon.com.br</doc>
<status status="FAIL" starttime="20230323 17:56:39.874" endtime="20230323 17:56:43.850"/>
</suite>
<statistics>
<total>
<stat pass="0" fail="1" skip="0">All Tests</stat>
</total>
<tag>
<stat pass="0" fail="1" skip="0">categorias</stat>
<stat pass="0" fail="1" skip="0">menus</stat>
</tag>
<suite>
<stat pass="0" fail="1" skip="0" id="s1" name="Amazon Test">Amazon Test</stat>
</suite>
</statistics>
<errors>
</errors>
</robot>
